<?xml version="1.0" encoding="UTF-8"?>
<!-- Generated by org.testng.reporters.JUnitXMLReporter -->
<testsuite ignored="0" hostname="AAnsari" failures="1" tests="1" name="BankingApp Test" time="0.547" errors="0" timestamp="2022-10-03T16:37:19 COT">
  <testcase classname="com.nopcommerce.testCases.TC_LoginTestDDT_002" name="loginTest" time="0.0">
    <failure type="org.testng.TestNGException" message="
Some DataProvider public java.lang.String[][] com.nopcommerce.testCases.BaseClass.getDataProvider(java.lang.String,java.lang.String) throws java.io.IOException parameters unresolved:  at 0 type class java.lang.String
 at 1 type class java.lang.String
">
      <![CDATA[org.testng.TestNGException: 
Some DataProvider public java.lang.String[][] com.nopcommerce.testCases.BaseClass.getDataProvider(java.lang.String,java.lang.String) throws java.io.IOException parameters unresolved:  at 0 type class java.lang.String
 at 1 type class java.lang.String

at java.base/java.util.ArrayList.forEach(ArrayList.java:1541)
... Removed 25 stack frames]]>
    </failure>
  </testcase> <!-- loginTest -->
</testsuite> <!-- BankingApp Test -->
