<?xml version="1.0" encoding="UTF-8"?>
<!-- Generated by org.testng.reporters.JUnitXMLReporter -->
<testsuite ignored="0" hostname="AAnsari" failures="0" tests="10" name="BankingApp Test" time="327.368" errors="0" timestamp="2022-10-04T08:57:30 COT">
  <testcase classname="com.nopcommerce.testCases.TC_AddCustomerTestDDT_004" name="addNewCustomer" time="26.994"/>
  <testcase classname="com.nopcommerce.testCases.TC_AddCustomerTestDDT_004" name="addNewCustomer" time="28.184"/>
  <testcase classname="com.nopcommerce.testCases.TC_AddCustomerTestDDT_004" name="addNewCustomer" time="26.342"/>
  <testcase classname="com.nopcommerce.testCases.TC_AddCustomerTestDDT_004" name="addNewCustomer" time="25.592"/>
  <testcase classname="com.nopcommerce.testCases.TC_AddCustomerTestDDT_004" name="addNewCustomer" time="26.834"/>
  <testcase classname="com.nopcommerce.testCases.TC_AddCustomerTestDDT_004" name="addNewCustomer" time="25.36"/>
  <testcase classname="com.nopcommerce.testCases.TC_AddCustomerTestDDT_004" name="addNewCustomer" time="25.022"/>
  <testcase classname="com.nopcommerce.testCases.TC_AddCustomerTestDDT_004" name="addNewCustomer" time="24.903"/>
  <testcase classname="com.nopcommerce.testCases.TC_AddCustomerTestDDT_004" name="addNewCustomer" time="25.93"/>
  <testcase classname="com.nopcommerce.testCases.TC_AddCustomerTestDDT_004" name="addNewCustomer" time="27.066"/>
</testsuite> <!-- BankingApp Test -->
